                                     ======================
                                        ALPSO 1.1 (Serial)
                                     ======================

Parameters:
-------------------------------------------------------------------------------------------------
Swarmsize           :       12    MaxOuterIters     :       10    Seed:                0.10761205
Cognitive Parameter :    2.000    MaxInnerIters     :        5    Scaling            :          1
Social Parameter    :    1.000    MinInnerIters     :        6    Stopping Criteria  :          0
Initial Weight      :    0.990    DynInnerIters     :        1    Number of Failures :         15
Final Weight        :    0.550    StoppingIters     :        5    Number of Successes:          5

Absolute Tolerance  : 1.00e-02    Number Initial Pos:        1    Neighbourhood Model:      gbest
Relative Tolerance  : 1.00e-02    Initial Velocity  :        1    Neighbourhood Size :         40
Inequality Tolerance: 1.00e-03    Maximum Velocity  :        2    Selfless           :          1
Equality Tolerance  : 1.00e-03    Craziness Velocity: 1.00e-04    Fileout            :          1
Global Distance     : 1.00e-01    Initial Penalty   :     1.00    File Name          :  ALPSO.out
-------------------------------------------------------------------------------------------------


================================================================================

NUMBER OF ITERATIONS: 1

NUMBER OF OBJECTIVE FUNCTION EVALUATIONS: 72

OBJECTIVE FUNCTION VALUE:
	F = 1341.794687390224

EQUALITY CONSTRAINTS VALUES:

INEQUALITY CONSTRAINTS VALUES:
	G(0) = -3.890046340607035
	G(1) = 0.03068164273993812
	G(2) = -2.184037118490539
	G(3) = -3.115315399092635
	G(4) = -2.806940818682633
	G(5) = -3.138503615056399
	G(6) = -3.900452097035475
	G(7) = -1.173114293150018
	G(8) = -3.433120105502889
	G(9) = -2.519454717096473
	G(10) = 0.6355616640733501
	G(11) = -1.61667218027433
	G(12) = 0.09089028798829402
	G(13) = -0.6731490617615448
	G(14) = -1.147558603671346
	G(15) = -0.9238898426071778
	G(16) = -0.7491685780108275
	G(17) = -0.6262807227304403
	G(18) = -2.325536010406272
	G(19) = -1.991837751960683
	G(20) = -1.62651088058008
	G(21) = 1.08556e+49
	G(22) = 3.27919e+49
	G(23) = 9.96598e+48
	G(24) = 4.67147e+48
	G(25) = 1.52465e+48
	G(26) = 1.7275e+48
	G(27) = 8.2545e+47
	G(28) = 0.187739557076562
	G(29) = 0.1819034762260984
	G(30) = 0.1878884462814398
	G(31) = 0.119614244343891
	G(32) = -0.04880470873148734
	G(33) = -0.03881035910316903
	G(34) = 0.0125
	G(35) = 0.01822575743659699
	G(36) = 0.223788078246295
	G(37) = 0.04186897905484214
	G(38) = -0.0549351235418536
	G(39) = 0.02637938393777928
	G(40) = 0.1224999340589669
	G(41) = 0.1624749591963724
	G(42) = -0.0206347497661829
	G(43) = 0.08281482103158991
	G(44) = 0.2113044513168666
	G(45) = 0.281839068328944
	G(46) = -0.04641583282803412
	G(47) = 0.1574977809158727
	G(48) = 0.2816956369555028
	G(49) = 0.2051829784304606
	G(50) = 0.2099601646008021
	G(51) = 0.2613435457493393
	G(52) = 0.03968694727837931
	G(53) = 0.0968626699196163
	G(54) = -0.04130774283705388
	G(55) = -0.04841686662193616
	G(56) = -0.04221162814190758

LAGRANGIAN MULTIPLIERS VALUES:
	L(0) = 0
	L(1) = 0
	L(2) = 0
	L(3) = 0
	L(4) = 0
	L(5) = 0
	L(6) = 0
	L(7) = 0
	L(8) = 0
	L(9) = 0
	L(10) = 0
	L(11) = 0
	L(12) = 0
	L(13) = 0
	L(14) = 0
	L(15) = 0
	L(16) = 0
	L(17) = 0
	L(18) = 0
	L(19) = 0
	L(20) = 0
	L(21) = 0
	L(22) = 0
	L(23) = 0
	L(24) = 0
	L(25) = 0
	L(26) = 0
	L(27) = 0
	L(28) = 0
	L(29) = 0
	L(30) = 0
	L(31) = 0
	L(32) = 0
	L(33) = 0
	L(34) = 0
	L(35) = 0
	L(36) = 0
	L(37) = 0
	L(38) = 0
	L(39) = 0
	L(40) = 0
	L(41) = 0
	L(42) = 0
	L(43) = 0
	L(44) = 0
	L(45) = 0
	L(46) = 0
	L(47) = 0
	L(48) = 0
	L(49) = 0
	L(50) = 0
	L(51) = 0
	L(52) = 0
	L(53) = 0
	L(54) = 0
	L(55) = 0
	L(56) = 0

PENALTY FACTOR:
	rp(0) = 1
	rp(1) = 1
	rp(2) = 1
	rp(3) = 1
	rp(4) = 1
	rp(5) = 1
	rp(6) = 1
	rp(7) = 1
	rp(8) = 1
	rp(9) = 1
	rp(10) = 1
	rp(11) = 1
	rp(12) = 1
	rp(13) = 1
	rp(14) = 1
	rp(15) = 1
	rp(16) = 1
	rp(17) = 1
	rp(18) = 1
	rp(19) = 1
	rp(20) = 1
	rp(21) = 1
	rp(22) = 1
	rp(23) = 1
	rp(24) = 1
	rp(25) = 1
	rp(26) = 1
	rp(27) = 1
	rp(28) = 1
	rp(29) = 1
	rp(30) = 1
	rp(31) = 1
	rp(32) = 1
	rp(33) = 1
	rp(34) = 1
	rp(35) = 1
	rp(36) = 1
	rp(37) = 1
	rp(38) = 1
	rp(39) = 1
	rp(40) = 1
	rp(41) = 1
	rp(42) = 1
	rp(43) = 1
	rp(44) = 1
	rp(45) = 1
	rp(46) = 1
	rp(47) = 1
	rp(48) = 1
	rp(49) = 1
	rp(50) = 1
	rp(51) = 1
	rp(52) = 1
	rp(53) = 1
	rp(54) = 1
	rp(55) = 1
	rp(56) = 1

BEST POSITION:
	P(0) = 0.8906407101514626		P(1) = 0.3636763570854294		P(2) = -0.4363323129985824	
	P(3) = -0.1013335612027853		P(4) = 0.4363323129985824		P(5) = 0.1355507051059233	
	P(6) = 0.4363323129985824		P(7) = 0.4319206060071798		P(8) = 0.008378015439868686	
	P(9) = 0.1014564553037034		P(10) = -0.08712999805076858		P(11) = 0.1821653214209026	
	P(12) = 0.1042169048606395		P(13) = -0.09635253755279141		P(14) = -0.05490508535665767	
	P(15) = -0.2587884416694415		P(16) = 0.3389301361828045		P(17) = 0.3751703133274377	
	P(18) = 0.3447954597092272		P(19) = 0.1269368828848318		P(20) = 0.3298607866677897	
	P(21) = 0.3331149003353903		P(22) = 0.4322844296346218		P(23) = -0.5	
	P(24) = -0.5		P(25) = -0.2086000698255558		P(26) = 0.1728308705212397	
	P(27) = -0.0501989452938324		P(28) = -0.2268175413195656		P(29) = -0.1352386360081075	
	P(30) = -0.4342726257148417		P(31) = 0.1408363903076056		P(32) = -0.02741147272698267	
	P(33) = -0.5		P(34) = 0.1180019276406067		P(35) = 0.298638677192729	
	P(36) = 0.3150387124781713		P(37) = 0.3456669779024383		P(38) = -0.02780929371723624	
	P(39) = -0.1668990415251617		P(40) = -0.05016359203585621		P(41) = -0.4343910766120644	
	P(42) = 0.2672093009511113		P(43) = -0.3157892865217389		P(44) = -0.1548554557439145	
	P(45) = 0.1708203033138688		P(46) = 0.1350054597461526		P(47) = 0.4389732782355221	
	P(48) = -0.5		P(49) = -0.5		P(50) = 0.2251233673326174	
	P(51) = -0.2216638489800678		P(52) = 0.3281960495994317		P(53) = 0.3134649504742431	
	P(54) = -0.1760908040001891		P(55) = 0.5		P(56) = 0.1770670383811405	
	P(57) = 0.1569455989119597		P(58) = -0.5		P(59) = -0.2019170409792833	
	P(60) = 0.2797434106063539		P(61) = 0.5		P(62) = 0.4584565199538385	
	P(63) = 0.09121913917603147	
================================================================================

================================================================================

NUMBER OF ITERATIONS: 2

NUMBER OF OBJECTIVE FUNCTION EVALUATIONS: 132

OBJECTIVE FUNCTION VALUE:
	F = 1885.315012329063

EQUALITY CONSTRAINTS VALUES:

INEQUALITY CONSTRAINTS VALUES:
	G(0) = -2.883401390439673
	G(1) = -0.014765193767452
	G(2) = -1.785166256901618
	G(3) = -2.986868054221909
	G(4) = -2.469172892632855
	G(5) = -0.9817602367570435
	G(6) = -3.949675235310603
	G(7) = -2.368383005764823
	G(8) = -3.384406639888526
	G(9) = -2.628796127910102
	G(10) = 0.3685363281826284
	G(11) = -2.211679228358824
	G(12) = -1.667973511027145
	G(13) = -0.7130032160888811
	G(14) = -1.393122786349076
	G(15) = -1.233300330875916
	G(16) = -0.9580750154684823
	G(17) = -1.040036897993145
	G(18) = -2.347086622648064
	G(19) = -2.023846204454859
	G(20) = -1.92392663309165
	G(21) = 1.49382e+49
	G(22) = 6.85243e+48
	G(23) = 7.29745e+48
	G(24) = 4.63158e+48
	G(25) = 9.46652e+47
	G(26) = 1.17614e+48
	G(27) = 8.49706e+47
	G(28) = 0.1905859921801379
	G(29) = 0.1785976019550963
	G(30) = 0.2021468677914465
	G(31) = 0.09386979570708459
	G(32) = -0.02840706912543671
	G(33) = -0.0282413412470114
	G(34) = 0.0125
	G(35) = 0.004533837870344408
	G(36) = 0.210153227889763
	G(37) = 0.05299590859512912
	G(38) = -0.02095095528269443
	G(39) = 0.04872662567804777
	G(40) = 0.1224999620319138
	G(41) = 0.1868576243646182
	G(42) = 0.03383258706209277
	G(43) = 0.1520247458938662
	G(44) = 0.2483705314392416
	G(45) = 0.2846859912724011
	G(46) = -0.02667894522549707
	G(47) = 0.2049973400761457
	G(48) = 0.3162825759921374
	G(49) = 0.2127910813990292
	G(50) = 0.2298347907516008
	G(51) = 0.3285154604706303
	G(52) = 0.06225827638473976
	G(53) = 0.1629218192678039
	G(54) = -0.04045845525333491
	G(55) = -0.06093975941854909
	G(56) = -0.04771936815901001

LAGRANGIAN MULTIPLIERS VALUES:
	L(0) = 0
	L(1) = 0.06136328547987624
	L(2) = 0
	L(3) = 0
	L(4) = 0
	L(5) = 0
	L(6) = 0
	L(7) = 0
	L(8) = 0
	L(9) = 0
	L(10) = 1.2711233281467
	L(11) = 0
	L(12) = 0.181780575976588
	L(13) = 0
	L(14) = 0
	L(15) = 0
	L(16) = 0
	L(17) = 0
	L(18) = 0
	L(19) = 0
	L(20) = 0
	L(21) = 2.17112e+49
	L(22) = 6.55838e+49
	L(23) = 1.993196e+49
	L(24) = 9.342940000000001e+48
	L(25) = 3.0493e+48
	L(26) = 3.455e+48
	L(27) = 1.6509e+48
	L(28) = 0.3754791141531241
	L(29) = 0.3638069524521969
	L(30) = 0.3757768925628795
	L(31) = 0.239228488687782
	L(32) = 0
	L(33) = 0
	L(34) = 0.02500000000000001
	L(35) = 0.03645151487319399
	L(36) = 0.44757615649259
	L(37) = 0.08373795810968428
	L(38) = 0
	L(39) = 0.05275876787555855
	L(40) = 0.2449998681179338
	L(41) = 0.3249499183927448
	L(42) = 0
	L(43) = 0.1656296420631798
	L(44) = 0.4226089026337333
	L(45) = 0.5636781366578879
	L(46) = 0
	L(47) = 0.3149955618317455
	L(48) = 0.5633912739110055
	L(49) = 0.4103659568609213
	L(50) = 0.4199203292016042
	L(51) = 0.5226870914986785
	L(52) = 0.07937389455675863
	L(53) = 0.1937253398392326
	L(54) = 0
	L(55) = 0
	L(56) = 0

PENALTY FACTOR:
	rp(0) = 1
	rp(1) = 3.916736060799739
	rp(2) = 1
	rp(3) = 1
	rp(4) = 1
	rp(5) = 1
	rp(6) = 1
	rp(7) = 1
	rp(8) = 1
	rp(9) = 1
	rp(10) = 17.82640827639362
	rp(11) = 1
	rp(12) = 6.741301357612416
	rp(13) = 1
	rp(14) = 1
	rp(15) = 1
	rp(16) = 1
	rp(17) = 1
	rp(18) = 1
	rp(19) = 1
	rp(20) = 1
	rp(21) = 7.367360449984784e+25
	rp(22) = 1.280466711789104e+26
	rp(23) = 7.059029678362317e+25
	rp(24) = 4.83294423721193e+25
	rp(25) = 2.761023361002221e+25
	rp(26) = 2.938962401937119e+25
	rp(27) = 2.031563437355575e+25
	rp(28) = 9.688641728244523
	rp(29) = 9.536862068471432
	rp(30) = 9.692482816116822
	rp(31) = 7.733506460328684
	rp(32) = 1
	rp(33) = 1
	rp(34) = 2.5
	rp(35) = 3.018754497851472
	rp(36) = 10.57799787876456
	rp(37) = 4.575422333230132
	rp(38) = 1
	rp(39) = 3.631761551766531
	rp(40) = 7.826235814839945
	rp(41) = 9.013183654968216
	rp(42) = 1
	rp(43) = 6.43485901289181
	rp(44) = 10.27872685007406
	rp(45) = 11.87095338060393
	rp(46) = 1
	rp(47) = 8.874057158816163
	rp(48) = 11.86793235899798
	rp(49) = 10.12874568815065
	rp(50) = 10.24597883564089
	rp(51) = 11.43117548087989
	rp(52) = 4.454601400707998
	rp(53) = 6.959262529881176
	rp(54) = 1
	rp(55) = 1
	rp(56) = 1

BEST POSITION:
	P(0) = 0.7077552340878346		P(1) = 0.07792667705220996		P(2) = -0.4363323129985824	
	P(3) = -0.1563299240561511		P(4) = 0.4361043998048986		P(5) = -0.01490081019272309	
	P(6) = -0.03485297619149495		P(7) = 0.4345276014437397		P(8) = -0.03561362077758623	
	P(9) = 0.03298881735889022		P(10) = -0.2874911034778821		P(11) = 0.1594607807012088	
	P(12) = 0.1035000891001163		P(13) = 0.1385574525896837		P(14) = 0.1451516585240767	
	P(15) = 0.2291343089865303		P(16) = 0.3168207784862559		P(17) = 0.2231536869459305	
	P(18) = 0.5		P(19) = -0.2805225075683234		P(20) = 0.3911718282430388	
	P(21) = -0.07149043881587261		P(22) = 0.07212611066135415		P(23) = -0.4021395236575431	
	P(24) = -0.3209617081788596		P(25) = -0.06026146866685885		P(26) = -0.3246141344856924	
	P(27) = 0.1239690827750884		P(28) = -0.3620373992756756		P(29) = -0.3867431019208739	
	P(30) = 0.1095420270707134		P(31) = 0.2141222607717179		P(32) = 0.01659358309813028	
	P(33) = -0.309579628610372		P(34) = -0.1485373143928879		P(35) = 0.191464295623526	
	P(36) = 0.1019975762245106		P(37) = 0.2353861681313465		P(38) = 0.1040537760133481	
	P(39) = 0.07242501462230565		P(40) = -0.0391898018530609		P(41) = -0.1745648555302941	
	P(42) = 0.2022217484161806		P(43) = 0.1796304654661189		P(44) = -0.1037084956597005	
	P(45) = 0.1027340764005834		P(46) = 0.09580716633705914		P(47) = 0.5	
	P(48) = -0.01220702394558218		P(49) = -0.5		P(50) = 0.2876689735331892	
	P(51) = -0.05857995952754021		P(52) = -0.06934165874998885		P(53) = 0.1295489297393266	
	P(54) = 0.2659664842029653		P(55) = 0.4376574623596559		P(56) = 0.007261443875319559	
	P(57) = -0.2084901098965645		P(58) = -0.2202255933809471		P(59) = -0.2037340223216015	
	P(60) = 0.1130576355271841		P(61) = 0.4485255100991113		P(62) = 0.3275438735016196	
	P(63) = 0.3139689567907627	
================================================================================

================================================================================

NUMBER OF ITERATIONS: 3

NUMBER OF OBJECTIVE FUNCTION EVALUATIONS: 192

OBJECTIVE FUNCTION VALUE:
	F = 2232.324434246135

EQUALITY CONSTRAINTS VALUES:

INEQUALITY CONSTRAINTS VALUES:
	G(0) = -2.676619102744639
	G(1) = 0.001647671302082987
	G(2) = -2.133337207785322
	G(3) = -3.213054811064008
	G(4) = -2.248004952255161
	G(5) = -2.445661702186029
	G(6) = -4.075548526899189
	G(7) = -2.605702698341731
	G(8) = -3.499271766079828
	G(9) = -2.692233194085077
	G(10) = 0.2079947624574867
	G(11) = -2.780429014000688
	G(12) = -0.636216955544652
	G(13) = -0.9451402786164329
	G(14) = -1.15302753604866
	G(15) = -1.138068265653304
	G(16) = -1.065478406119231
	G(17) = -0.951773649348858
	G(18) = -2.39849930780841
	G(19) = -1.897741030602182
	G(20) = -1.821331582968769
	G(21) = 1.27793e+49
	G(22) = 6.7278e+48
	G(23) = 6.16856e+48
	G(24) = 3.48612e+48
	G(25) = 1.08139e+48
	G(26) = 9.981090000000001e+47
	G(27) = 9.20779e+47
	G(28) = 0.189540381811156
	G(29) = 0.180346620066634
	G(30) = 0.2037039298745559
	G(31) = 0.06514005536488898
	G(32) = -0.04888756432478981
	G(33) = 0.05605387011495884
	G(34) = 0.0125
	G(35) = 0.001331310157066667
	G(36) = 0.2157347577518738
	G(37) = 0.03537772749523552
	G(38) = 0.04195216722345021
	G(39) = 0.1661338611840626
	G(40) = 0.1224999690800012
	G(41) = 0.200276035010986
	G(42) = 0.07147220239535468
	G(43) = 0.2176278904977711
	G(44) = 0.3439037141082358
	G(45) = 0.2836403648472841
	G(46) = -0.01620545555215754
	G(47) = 0.255850657840163
	G(48) = 0.3813945086972404
	G(49) = 0.2128883892060053
	G(50) = 0.231303115726633
	G(51) = 0.2987755130440196
	G(52) = 0.05039613991586379
	G(53) = 0.13870765375523
	G(54) = -0.03330184477407305
	G(55) = -0.06007236420641531
	G(56) = -0.04788380660601123

LAGRANGIAN MULTIPLIERS VALUES:
	L(0) = 0
	L(1) = 0
	L(2) = 0
	L(3) = 0
	L(4) = 0
	L(5) = 0
	L(6) = 0
	L(7) = 0
	L(8) = 0
	L(9) = 0
	L(10) = 14.41048142987975
	L(11) = 0
	L(12) = 0
	L(13) = 0
	L(14) = 0
	L(15) = 0
	L(16) = 0
	L(17) = 0
	L(18) = 0
	L(19) = 0
	L(20) = 0
	L(21) = 2.201102077479254e+75
	L(22) = 1.754861701973002e+75
	L(23) = 1.030258322527302e+75
	L(24) = 4.476833574037206e+74
	L(25) = 5.227456573478949e+73
	L(26) = 6.913262478828646e+73
	L(27) = 3.452463284203313e+73
	L(28) = 4.06851790746386
	L(29) = 3.770328343663232
	L(30) = 4.294386977363748
	L(31) = 1.691113831748727
	L(32) = 0
	L(33) = 0
	L(34) = 0.08750000000000004
	L(35) = 0.06382460180045703
	L(36) = 4.893576954159467
	L(37) = 0.5686952856216373
	L(38) = 0
	L(39) = 0.4066857392452659
	L(40) = 2.162427048459328
	L(41) = 3.693314089851479
	L(42) = 0.06766517412418553
	L(43) = 2.122145254658645
	L(44) = 5.528474603177124
	L(45) = 7.322666397669273
	L(46) = 0
	L(47) = 3.95331178831373
	L(48) = 8.070631710319656
	L(49) = 4.720979453255582
	L(50) = 5.129685132671313
	L(51) = 8.033322845142353
	L(52) = 0.6340455049350134
	L(53) = 2.461356764100234
	L(54) = 0
	L(55) = 0
	L(56) = 0

PENALTY FACTOR:
	rp(0) = 1
	rp(1) = 1.95836803039987
	rp(2) = 1
	rp(3) = 1
	rp(4) = 1
	rp(5) = 1
	rp(6) = 1
	rp(7) = 1
	rp(8) = 1
	rp(9) = 1
	rp(10) = 60.02183234015716
	rp(11) = 1
	rp(12) = 3.370650678806208
	rp(13) = 1
	rp(14) = 1
	rp(15) = 1
	rp(16) = 1
	rp(17) = 1
	rp(18) = 1
	rp(19) = 1
	rp(20) = 1
	rp(21) = 7.418055805733827e+38
	rp(22) = 6.623559658471044e+38
	rp(23) = 5.075082074526731e+38
	rp(24) = 3.345457208677614e+38
	rp(25) = 1.143181588099519e+38
	rp(26) = 1.314654182554166e+38
	rp(27) = 9.290402687993821e+37
	rp(28) = 31.89246740009254
	rp(29) = 30.70149973398381
	rp(30) = 32.76578618530214
	rp(31) = 20.56157722396756
	rp(32) = 1
	rp(33) = 1
	rp(34) = 4.677071733467428
	rp(35) = 3.994515045673787
	rp(36) = 34.97705302823362
	rp(37) = 11.92366644138494
	rp(38) = 1
	rp(39) = 10.08322541706355
	rp(40) = 23.25095185395282
	rp(41) = 30.3863213052003
	rp(42) = 4.112942198845783
	rp(43) = 23.0333739097133
	rp(44) = 37.17685638665917
	rp(45) = 42.78628985337848
	rp(46) = 1
	rp(47) = 31.43768355140742
	rp(48) = 44.91834733803008
	rp(49) = 34.35469201308455
	rp(50) = 35.81091011364872
	rp(51) = 44.81440294465149
	rp(52) = 12.59013011186753
	rp(53) = 24.8060313437087
	rp(54) = 1
	rp(55) = 1
	rp(56) = 1

BEST POSITION:
	P(0) = 1		P(1) = 0.007998775840814168		P(2) = -0.4363323129985824	
	P(3) = -0.09382380319173871		P(4) = 0.4363323129985824		P(5) = -0.09752448476929759	
	P(6) = 0.257025597198371		P(7) = 0.3912929816467791		P(8) = -0.08782975628503184	
	P(9) = 0.06772830301079974		P(10) = -0.2767678184746821		P(11) = 0.232118367264921	
	P(12) = 0.1151882745535338		P(13) = 0.01106748878800845		P(14) = 0.03196734321074532	
	P(15) = 0.4989297701264538		P(16) = 0.30451081760802		P(17) = 0.1668092159025623	
	P(18) = 0.5		P(19) = -0.3533517006205252		P(20) = 0.3931730194112446	
	P(21) = -0.1282454687576968		P(22) = -0.09096162261965335		P(23) = -0.4558927482957018	
	P(24) = -0.32329005879392		P(25) = -0.04946966440540006		P(26) = -0.2051552825280921	
	P(27) = 0.3773866092890399		P(28) = -0.3667205947956655		P(29) = -0.395741599515374	
	P(30) = 0.2608323488544626		P(31) = 0.1301644985543228		P(32) = 0.07594994314334073	
	P(33) = -0.256662894105853		P(34) = -0.1968394154360814		P(35) = 0.2227707943673459	
	P(36) = 0.1694542392897963		P(37) = 0.3495558714962373		P(38) = -0.1270713273048986	
	P(39) = 0.07068787643623986		P(40) = -0.08967837547976956		P(41) = -0.1489671711456297	
	P(42) = 0.04025892473253881		P(43) = 0.3546629599053263		P(44) = -0.1904988735833708	
	P(45) = -0.07208912265604669		P(46) = -0.03853242876707168		P(47) = 0.431482680156839	
	P(48) = 0.0509221647765014		P(49) = -0.5		P(50) = 0.2091481081996926	
	P(51) = -0.2468880034128303		P(52) = -0.03631416231591407		P(53) = 0.1687102715482823	
	P(54) = 0.2922313743660714		P(55) = 0.2868153980383141		P(56) = -0.07105201100491658	
	P(57) = -0.2926240645126488		P(58) = -0.1819503446210319		P(59) = -0.3019586683534298	
	P(60) = -0.04971062084874506		P(61) = 0.5		P(62) = 0.5	
	P(63) = 0.3463649807378017	
================================================================================

================================================================================

NUMBER OF ITERATIONS: 4

NUMBER OF OBJECTIVE FUNCTION EVALUATIONS: 252

OBJECTIVE FUNCTION VALUE:
	F = 3216.341314728174

EQUALITY CONSTRAINTS VALUES:

INEQUALITY CONSTRAINTS VALUES:
	G(0) = -2.748506256636753
	G(1) = -0.0651661681047111
	G(2) = -2.094931272723516
	G(3) = -3.211806394491556
	G(4) = -2.32135413271663
	G(5) = -2.388765665417849
	G(6) = -4.097222681478017
	G(7) = -2.622314438701605
	G(8) = -3.576461735049776
	G(9) = -2.643862680290812
	G(10) = 0.1782553381626526
	G(11) = -2.815652760626234
	G(12) = -0.6039499146107934
	G(13) = -0.850841217755991
	G(14) = -1.306350333994539
	G(15) = -1.152342733231281
	G(16) = -0.839078072413624
	G(17) = -0.9432498908696525
	G(18) = -2.607068854034939
	G(19) = -1.881787507654338
	G(20) = -1.693968526507521
	G(21) = 1.19209e+49
	G(22) = 6.227810000000001e+48
	G(23) = 5.69433e+48
	G(24) = 3.30863e+48
	G(25) = 1.01868e+48
	G(26) = 1.06576e+48
	G(27) = 9.21928e+47
	G(28) = 0.1939400060890261
	G(29) = 0.1956316299681942
	G(30) = 0.2138251034238566
	G(31) = 0.06397935564760071
	G(32) = -0.006594667403813162
	G(33) = 0.06287475031230674
	G(34) = 0.0125
	G(35) = 0.01103315319788039
	G(36) = 0.2184501012809211
	G(37) = 0.05426844749495206
	G(38) = 0.04421898495984671
	G(39) = 0.1708593892231667
	G(40) = 0.1224999707563211
	G(41) = 0.1971260897065351
	G(42) = 0.07825584718765415
	G(43) = 0.2271120178290852
	G(44) = 0.3528518833273819
	G(45) = 0.2880399791008415
	G(46) = -0.007902663063140275
	G(47) = 0.2656248643269578
	G(48) = 0.3953717226892204
	G(49) = 0.229840415167984
	G(50) = 0.2307494265322018
	G(51) = 0.3030079061002683
	G(52) = 0.07650044882204848
	G(53) = 0.142486404932101
	G(54) = -0.03820123369996176
	G(55) = -0.05815502806902505
	G(56) = -0.05080526288974067

LAGRANGIAN MULTIPLIERS VALUES:
	L(0) = 0
	L(1) = 0.006453493605213296
	L(2) = 0
	L(3) = 0
	L(4) = 0
	L(5) = 0
	L(6) = 0
	L(7) = 0
	L(8) = 0
	L(9) = 0
	L(10) = 39.37893494958792
	L(11) = 0
	L(12) = 0
	L(13) = 0
	L(14) = 0
	L(15) = 0
	L(16) = 0
	L(17) = 0
	L(18) = 0
	L(19) = 0
	L(20) = 0
	L(21) = 1.895951211164506e+88
	L(22) = 8.912396934054051e+87
	L(23) = 6.261189656329553e+87
	L(24) = 2.332533056863489e+87
	L(25) = 2.4724502751104e+86
	L(26) = 2.624336342990603e+86
	L(27) = 1.710881539329998e+86
	L(28) = 16.15833880329063
	L(29) = 14.84415175966452
	L(30) = 17.64342580011471
	L(31) = 4.369878389266102
	L(32) = 0
	L(33) = 0.1121077402299177
	L(34) = 0.2044267933366858
	L(35) = 0.07446047870617929
	L(36) = 19.98510907800032
	L(37) = 1.412359729836439
	L(38) = 0.08390433444690042
	L(39) = 3.757016082697362
	L(40) = 7.858908814838964
	L(41) = 15.86461798900221
	L(42) = 0.6555872486767873
	L(43) = 12.14755440469325
	L(44) = 31.09899258365828
	L(45) = 31.59450412661712
	L(46) = 0
	L(47) = 20.04001582351065
	L(48) = 42.33385373927962
	L(49) = 19.34840954192355
	L(50) = 21.696035305258
	L(51) = 34.8122153082417
	L(52) = 1.903033422288225
	L(53) = 9.342929577429294
	L(54) = 0
	L(55) = 0
	L(56) = 0

PENALTY FACTOR:
	rp(0) = 1
	rp(1) = 3.916736060799739
	rp(2) = 1
	rp(3) = 1
	rp(4) = 1
	rp(5) = 1
	rp(6) = 1
	rp(7) = 1
	rp(8) = 1
	rp(9) = 1
	rp(10) = 99.22063161156039
	rp(11) = 1
	rp(12) = 1.685325339403104
	rp(13) = 1
	rp(14) = 1
	rp(15) = 1
	rp(16) = 1
	rp(17) = 1
	rp(18) = 1
	rp(19) = 1
	rp(20) = 1
	rp(21) = 2.17712609370961e+45
	rp(22) = 1.492681892940861e+45
	rp(23) = 1.251118465247152e+45
	rp(24) = 7.636316286115133e+44
	rp(25) = 2.486186977637845e+44
	rp(26) = 2.561413839557463e+44
	rp(27) = 2.068140190684614e+44
	rp(28) = 63.55772731008133
	rp(29) = 61.40299946796762
	rp(30) = 66.41427896189701
	rp(31) = 33.05252785062779
	rp(32) = 1
	rp(33) = 5.294047134043994
	rp(34) = 7.148894903002243
	rp(35) = 4.314524270014577
	rp(36) = 70.68434953722132
	rp(37) = 18.79068738655161
	rp(38) = 4.579965459665074
	rp(39) = 30.64725143751622
	rp(40) = 46.50190370790564
	rp(41) = 62.97741259571206
	rp(42) = 12.8022190330113
	rp(43) = 55.10797221068212
	rp(44) = 88.17453229767975
	rp(45) = 88.87421466125188
	rp(46) = 1
	rp(47) = 70.78138142108885
	rp(48) = 102.8759614041099
	rp(49) = 69.54928026572877
	rp(50) = 73.64787048051356
	rp(51) = 93.29015932594619
	rp(52) = 21.81188564916055
	rp(53) = 48.32941541501742
	rp(54) = 1
	rp(55) = 1
	rp(56) = 1

BEST POSITION:
	P(0) = 1		P(1) = 0.02680155175752813		P(2) = -0.4363323129985824	
	P(3) = -0.09921965827102779		P(4) = 0.4363323129985824		P(5) = -0.08181001911349001	
	P(6) = 0.250937239447436		P(7) = 0.3952984718964611		P(8) = -0.03816544743829891	
	P(9) = 0.04641194710296768		P(10) = -0.0536370407820298		P(11) = 0.2617586725267709	
	P(12) = 0.04771509929744917		P(13) = 0.002029544970162125		P(14) = 0.03676434886158333	
	P(15) = 0.4838466151933527		P(16) = 0.1990428218318361		P(17) = 0.2696197475889582	
	P(18) = 0.5		P(19) = -0.2585766283509951		P(20) = 0.4427067046147263	
	P(21) = -0.1086100546778842		P(22) = 0.1574253000205182		P(23) = -0.4462672733740349	
	P(24) = -0.3289710455667073		P(25) = -0.06048831216542222		P(26) = -0.2296653331614033	
	P(27) = 0.3302157864695269		P(28) = -0.4075717263468253		P(29) = -0.4486688468659136	
	P(30) = 0.04634800701752265		P(31) = 0.05199529898025282		P(32) = 0.02590335002776964	
	P(33) = -0.2626874313653213		P(34) = -0.1903183579159965		P(35) = 0.3025891699206618	
	P(36) = 0.1667467471825984		P(37) = 0.326066075259271		P(38) = -0.1196355464989894	
	P(39) = 0.03766552029033483		P(40) = -0.04297114593629306		P(41) = -0.1836917355427879	
	P(42) = 0.05868531365760654		P(43) = 0.3015008662483402		P(44) = -0.2968852959347684	
	P(45) = -0.09388024079683366		P(46) = -0.05248060516939734		P(47) = 0.4692212251965442	
	P(48) = -0.03157818568776091		P(49) = -0.4813132903378743		P(50) = 0.1443922280955829	
	P(51) = -0.06671405931265123		P(52) = 0.003824082485465983		P(53) = 0.1943583642316008	
	P(54) = 0.03855814440833799		P(55) = 0.292051603786287		P(56) = -0.07377593972016952	
	P(57) = -0.2724758358083455		P(58) = -0.2706069979747245		P(59) = -0.1761693226964041	
	P(60) = -0.06660463267666911		P(61) = 0.4887547316133836		P(62) = 0.5	
	P(63) = 0.4187352923227668	
================================================================================

================================================================================

NUMBER OF ITERATIONS: 5

NUMBER OF OBJECTIVE FUNCTION EVALUATIONS: 312

OBJECTIVE FUNCTION VALUE:
	F = 3152.998435432672

EQUALITY CONSTRAINTS VALUES:

INEQUALITY CONSTRAINTS VALUES:
	G(0) = -2.786837184203761
	G(1) = -0.04384277785358615
	G(2) = -2.121373891597462
	G(3) = -3.169498366520524
	G(4) = -2.128680087354538
	G(5) = -2.413233024304274
	G(6) = -4.058427383311834
	G(7) = -2.467955288310561
	G(8) = -3.587972512553732
	G(9) = -2.600779281257651
	G(10) = 0.1589810162248524
	G(11) = -3.046779954975287
	G(12) = -0.6024288553546029
	G(13) = -0.8043273392252774
	G(14) = -1.218989470908354
	G(15) = -1.163170446964698
	G(16) = -0.7735872240169339
	G(17) = -1.012372229074784
	G(18) = -2.652698458664681
	G(19) = -1.94173837178913
	G(20) = -1.582578242930209
	G(21) = 1.17658e+49
	G(22) = 5.42292e+48
	G(23) = 5.18292e+48
	G(24) = 3.45867e+48
	G(25) = 9.56518e+47
	G(26) = 1.23063e+48
	G(27) = 8.97697e+47
	G(28) = 0.19248993327393
	G(29) = 0.1905089708590429
	G(30) = 0.2081046217363904
	G(31) = 0.0698408966926162
	G(32) = -0.001994386094842616
	G(33) = 0.06319774076778328
	G(34) = 0.0125
	G(35) = 0.0106596152024689
	G(36) = 0.2218161679320146
	G(37) = 0.06104010423038828
	G(38) = 0.04882743057069942
	G(39) = 0.1701590011364489
	G(40) = 0.1224999655570876
	G(41) = 0.1947593487676453
	G(42) = 0.07908679384500146
	G(43) = 0.2279310886779478
	G(44) = 0.3532118391005727
	G(45) = 0.2865899342823302
	G(46) = -0.008839289633647468
	G(47) = 0.267945788607613
	G(48) = 0.3949679638820221
	G(49) = 0.2249955098110244
	G(50) = 0.2302515690967028
	G(51) = 0.3058788787119553
	G(52) = 0.06885552847374121
	G(53) = 0.1467935648703411
	G(54) = -0.0333328335723219
	G(55) = -0.05703096577631328
	G(56) = -0.02613602573618429

LAGRANGIAN MULTIPLIERS VALUES:
	L(0) = 0
	L(1) = 0
	L(2) = 0
	L(3) = 0
	L(4) = 0
	L(5) = 0
	L(6) = 0
	L(7) = 0
	L(8) = 0
	L(9) = 0
	L(10) = 74.75214943084927
	L(11) = 0
	L(12) = 0
	L(13) = 0
	L(14) = 0
	L(15) = 0
	L(16) = 0
	L(17) = 0
	L(18) = 0
	L(19) = 0
	L(20) = 0
	L(21) = 5.190662386051789e+94
	L(22) = 1.859228735174899e+94
	L(23) = 1.424856908161128e+94
	L(24) = 5.053151363278879e+93
	L(25) = 5.065260373210514e+92
	L(26) = 5.459707451629868e+92
	L(27) = 3.81335441031651e+92
	L(28) = 40.81111084633429
	L(29) = 38.86888950137385
	L(30) = 46.04550593581169
	L(31) = 8.599237258081189
	L(32) = 0
	L(33) = 0.7778315236191161
	L(34) = 0.3831491659117419
	L(35) = 0.1696660932002671
	L(36) = 50.86711570876437
	L(37) = 3.451842593498707
	L(38) = 0.4889471820019951
	L(39) = 14.22975740666304
	L(40) = 19.25187250350237
	L(41) = 40.69360015865783
	L(42) = 2.659284241297207
	L(43) = 37.1789199391676
	L(44) = 93.32409214915299
	L(45) = 82.79315799387851
	L(46) = 0
	L(47) = 57.6426054972134
	L(48) = 123.682345906585
	L(49) = 51.31888044374271
	L(50) = 55.68444306265076
	L(51) = 91.34752698247246
	L(52) = 5.240271505920186
	L(53) = 23.11549888734109
	L(54) = 0
	L(55) = 0
	L(56) = 0

PENALTY FACTOR:
	rp(0) = 1
	rp(1) = 1.95836803039987
	rp(2) = 1
	rp(3) = 1
	rp(4) = 1
	rp(5) = 1
	rp(6) = 1
	rp(7) = 1
	rp(8) = 1
	rp(9) = 1
	rp(10) = 136.7041965621843
	rp(11) = 1
	rp(12) = 1
	rp(13) = 1
	rp(14) = 1
	rp(15) = 1
	rp(16) = 1
	rp(17) = 1
	rp(18) = 1
	rp(19) = 1
	rp(20) = 1
	rp(21) = 3.602312585705115e+48
	rp(22) = 2.155938737055681e+48
	rp(23) = 1.887363841553297e+48
	rp(24) = 1.123960782598628e+48
	rp(25) = 3.558532131796239e+47
	rp(26) = 3.694491660441889e+47
	rp(27) = 3.087618180052591e+47
	rp(28) = 127.1154546201627
	rp(29) = 122.8059989359352
	rp(30) = 132.828557923794
	rp(31) = 46.36603621747601
	rp(32) = 1
	rp(33) = 13.94481555649909
	rp(34) = 9.787098215402535
	rp(35) = 8.629048540029155
	rp(36) = 141.3686990744426
	rp(37) = 37.58137477310322
	rp(38) = 11.05607504951458
	rp(39) = 61.29450287503245
	rp(40) = 93.00380741581128
	rp(41) = 100.8632739884268
	rp(42) = 25.78412419153115
	rp(43) = 110.2159444213642
	rp(44) = 176.3490645953595
	rp(45) = 177.7484293225038
	rp(46) = 1
	rp(47) = 141.5627628421777
	rp(48) = 205.7519228082197
	rp(49) = 139.0985605314575
	rp(50) = 117.9877568464741
	rp(51) = 186.5803186518924
	rp(52) = 43.62377129832111
	rp(53) = 96.65883083003484
	rp(54) = 1
	rp(55) = 1
	rp(56) = 1

BEST POSITION:
	P(0) = 1		P(1) = 0.04762096206128987		P(2) = -0.4363323129985824	
	P(3) = -0.09534619086247226		P(4) = 0.4363323129985824		P(5) = -0.1296869254677197	
	P(6) = 0.2461524738788138		P(7) = 0.4111214704973217		P(8) = -0.01186165289480908	
	P(9) = 0.02129699442831579		P(10) = -0.08273078322151783		P(11) = 0.2944819834567829	
	P(12) = 0.06619937036422742		P(13) = -0.01507811556772717		P(14) = 0.0127143760470628	
	P(15) = 0.4853196216973594		P(16) = 0.1803437381195053		P(17) = 0.2981005372715478	
	P(18) = 0.5		P(19) = -0.2186768448025687		P(20) = 0.4504640672020309	
	P(21) = -0.09698086224800319		P(22) = 0.1305236979965588		P(23) = -0.4519020742021485	
	P(24) = -0.2948797563677871		P(25) = -0.08654032059141537		P(26) = -0.1711518186164166	
	P(27) = 0.3597889955162616		P(28) = -0.3852742679160476		P(29) = -0.4697072479268236	
	P(30) = -0.06558188805313128		P(31) = 0.01306277953990032		P(32) = -0.005408747814201448	
	P(33) = -0.2586595747058236		P(34) = -0.1632741826277292		P(35) = 0.3063983903107	
	P(36) = 0.2126975553928129		P(37) = 0.3480670342415445		P(38) = -0.1087897387917718	
	P(39) = -0.05109059057326586		P(40) = -0.037354645169386		P(41) = -0.1901641128099029	
	P(42) = 0.04003192921071964		P(43) = 0.2714456173984342		P(44) = -0.3199213718225425	
	P(45) = -0.1259668900629142		P(46) = -0.05075723912036856		P(47) = 0.4732010023426659	
	P(48) = -0.04494006387150414		P(49) = -0.5		P(50) = 0.09100951567918814	
	P(51) = -0.02132968140672748		P(52) = 0.01814505459857948		P(53) = 0.1899149477827083	
	P(54) = -0.02639341084570514		P(55) = 0.3082504221868373		P(56) = -0.06176914831899407	
	P(57) = -0.2232987940927719		P(58) = -0.2509126940633813		P(59) = -0.1374062547667766	
	P(60) = 0.02496066642265055		P(61) = 0.4853823893199466		P(62) = 0.5	
	P(63) = 0.4685016033728853	
================================================================================

================================================================================

NUMBER OF ITERATIONS: 6

NUMBER OF OBJECTIVE FUNCTION EVALUATIONS: 372

OBJECTIVE FUNCTION VALUE:
	F = 4600.445193890165

EQUALITY CONSTRAINTS VALUES:

INEQUALITY CONSTRAINTS VALUES:
	G(0) = -2.715668103940584
	G(1) = -0.09462211841263679
	G(2) = -2.078382221487946
	G(3) = -3.118378465171809
	G(4) = -1.898419421995293
	G(5) = -2.366461473191677
	G(6) = -4.028209265882441
	G(7) = -2.496707614568417
	G(8) = -3.649477307168774
	G(9) = -2.591306817926276
	G(10) = 0.1420442231752057
	G(11) = -3.32373541065388
	G(12) = -0.647844391980154
	G(13) = -0.7930566350621979
	G(14) = -1.13395814622167
	G(15) = -1.239313065058309
	G(16) = -0.7284523230220281
	G(17) = -0.9729450898518002
	G(18) = -2.499092684459881
	G(19) = -1.903190351332038
	G(20) = -1.545745592530523
	G(21) = 1.04222e+49
	G(22) = 5.62088e+48
	G(23) = 5.53416e+48
	G(24) = 3.12707e+48
	G(25) = 9.75928e+47
	G(26) = 1.28536e+48
	G(27) = 8.15405e+47
	G(28) = 0.1960150548665709
	G(29) = 0.2010573863237111
	G(30) = 0.2286824795880402
	G(31) = 0.06459939334468554
	G(32) = 0.007157530667515826
	G(33) = 0.05472097558878529
	G(34) = 0.0125
	G(35) = 0.01332034499208961
	G(36) = 0.2240729599104095
	G(37) = 0.07182060205633412
	G(38) = 0.05988174901127524
	G(39) = 0.161695690649572
	G(40) = 0.1224999695790096
	G(41) = 0.1958774855894514
	G(42) = 0.08746496269672242
	G(43) = 0.2240179663934163
	G(44) = 0.3444404042117187
	G(45) = 0.2901150466024011
	G(46) = -0.005080503415549706
	G(47) = 0.2658439967399895
	G(48) = 0.3881968843937195
	G(49) = 0.2361311787030696
	G(50) = 0.2268151298721464
	G(51) = 0.306780802205176
	G(52) = 0.08808661281343358
	G(53) = 0.1482581289176246
	G(54) = -0.03137978729819922
	G(55) = -0.05669428280209572
	G(56) = -0.04442452031572545

LAGRANGIAN MULTIPLIERS VALUES:
	L(0) = 0
	L(1) = 0
	L(2) = 0
	L(3) = 0
	L(4) = 0
	L(5) = 0
	L(6) = 0
	L(7) = 0
	L(8) = 0
	L(9) = 0
	L(10) = 118.2188936141653
	L(11) = 0
	L(12) = 0
	L(13) = 0
	L(14) = 0
	L(15) = 0
	L(16) = 0
	L(17) = 0
	L(18) = 0
	L(19) = 0
	L(20) = 0
	L(21) = 8.482008546563901e+97
	L(22) = 2.340155887925974e+97
	L(23) = 1.957836017240845e+97
	L(24) = 7.77987203126407e+96
	L(25) = 6.812665335656161e+95
	L(26) = 9.098564251630835e+95
	L(27) = 5.547304509167658e+95
	L(28) = 89.74800160217507
	L(29) = 85.66017844657733
	L(30) = 101.3299795408545
	L(31) = 15.07572834910287
	L(32) = 0
	L(33) = 2.540393200807479
	L(34) = 0.6278266212968053
	L(35) = 0.3536307672005408
	L(36) = 113.5828418972184
	L(37) = 8.039784660041718
	L(38) = 1.568626655731225
	L(39) = 35.08938017540447
	L(40) = 42.03779891373215
	L(41) = 79.981731271775
	L(42) = 6.737651670116286
	L(43) = 87.42220034242709
	L(44) = 217.9012470079382
	L(45) = 184.674979350526
	L(46) = 0
	L(47) = 133.504897751653
	L(48) = 286.213181939332
	L(49) = 113.9119835252526
	L(50) = 110.0181753588525
	L(51) = 205.4894843003928
	L(52) = 11.24774715944723
	L(53) = 51.49328759482119
	L(54) = 0
	L(55) = 0
	L(56) = 0

PENALTY FACTOR:
	rp(0) = 1
	rp(1) = 1
	rp(2) = 1
	rp(3) = 1
	rp(4) = 1
	rp(5) = 1
	rp(6) = 1
	rp(7) = 1
	rp(8) = 1
	rp(9) = 1
	rp(10) = 171.914872549007
	rp(11) = 1
	rp(12) = 1
	rp(13) = 1
	rp(14) = 1
	rp(15) = 1
	rp(16) = 1
	rp(17) = 1
	rp(18) = 1
	rp(19) = 1
	rp(20) = 1
	rp(21) = 1.4561944020772e+50
	rp(22) = 7.648784033959211e+49
	rp(23) = 6.996134677879001e+49
	rp(24) = 4.410179143545098e+49
	rp(25) = 1.305054149801471e+49
	rp(26) = 1.508191321718736e+49
	rp(27) = 1.177635821165404e+49
	rp(28) = 149.7898541308582
	rp(29) = 146.3388007728789
	rp(30) = 159.1618512245117
	rp(31) = 92.73207243495202
	rp(32) = 1
	rp(33) = 27.88963111299818
	rp(34) = 12.52823432588173
	rp(35) = 9.402536455666375
	rp(36) = 282.7373981488853
	rp(37) = 75.16274954620644
	rp(38) = 22.11215009902915
	rp(39) = 93.66079779636257
	rp(40) = 102.5156072431561
	rp(41) = 141.4052078883368
	rp(42) = 51.5682483830623
	rp(43) = 220.4318888427285
	rp(44) = 352.698129190719
	rp(45) = 214.8691342134358
	rp(46) = 1
	rp(47) = 283.1255256843554
	rp(48) = 267.494477484738
	rp(49) = 168.7542470022996
	rp(50) = 165.8449391441088
	rp(51) = 373.1606373037848
	rp(52) = 53.02769832702347
	rp(53) = 193.3176616600697
	rp(54) = 1
	rp(55) = 1
	rp(56) = 1

BEST POSITION:
	P(0) = 1		P(1) = 0.03236127557960497		P(2) = -0.4363323129985824	
	P(3) = -0.1013384814261105		P(4) = 0.4363323129985824		P(5) = -0.1962576775906992	
	P(6) = 0.2344065012367496		P(7) = 0.4149175485813845		P(8) = -0.00641006185073148	
	P(9) = -0.06173740942407797		P(10) = -0.0466338497596894		P(11) = 0.3049631121642201	
	P(12) = 0.07765125343319974		P(13) = -0.05080984766311587		P(14) = 0.0157521869241585	
	P(15) = 0.4840296246144558		P(16) = 0.1961014939415163		P(17) = 0.2927101985636024	
	P(18) = 0.5		P(19) = -0.2273829108758176		P(20) = 0.4503899708129932	
	P(21) = -0.1006298704295028		P(22) = -0.01704548623322549		P(23) = -0.4749656148041744	
	P(24) = -0.19377631172202		P(25) = -0.04101861453256973		P(26) = -0.1734362292506592	
	P(27) = 0.4039288989073075		P(28) = -0.3878092545044535		P(29) = -0.4645825917186028	
	P(30) = -0.1020911977211936		P(31) = 0.02867167769517807		P(32) = -0.03949617031453642	
	P(33) = -0.2428154220724762		P(34) = -0.1704214246827783		P(35) = 0.2750352965515021	
	P(36) = 0.2271285250957333		P(37) = 0.3549688758386685		P(38) = -0.09498285731013649	
	P(39) = -0.06957846383540174		P(40) = -0.01144553058517255		P(41) = -0.03064073971814454	
	P(42) = 0.06647640220208155		P(43) = 0.253970496050468		P(44) = -0.347267872038228	
	P(45) = -0.1490802531819968		P(46) = -0.03314465920254976		P(47) = 0.4763695261861046	
	P(48) = -0.01875966993074484		P(49) = -0.4993233731193504		P(50) = 0.0805825997999965	
	P(51) = -0.02571030116459629		P(52) = 0.01056987383570406		P(53) = 0.2723760356827492	
	P(54) = 0.1599979723623705		P(55) = 0.3032325744517643		P(56) = -0.06291903980269603	
	P(57) = -0.2183084439404153		P(58) = -0.2264440026475822		P(59) = -0.1867042442028441	
	P(60) = 0.06591532242513022		P(61) = 0.4862100299042866		P(62) = 0.5	
	P(63) = 0.4770321912491652	
================================================================================

================================================================================

NUMBER OF ITERATIONS: 7

NUMBER OF OBJECTIVE FUNCTION EVALUATIONS: 432

OBJECTIVE FUNCTION VALUE:
	F = 4508.594199075718

EQUALITY CONSTRAINTS VALUES:

INEQUALITY CONSTRAINTS VALUES:
	G(0) = -2.685420600146209
	G(1) = -0.09835373687330162
	G(2) = -2.103998609187794
	G(3) = -3.105846878086178
	G(4) = -1.840000465589478
	G(5) = -2.344957706345151
	G(6) = -3.997055567383687
	G(7) = -2.506674558538229
	G(8) = -3.643424153270883
	G(9) = -2.450411807637701
	G(10) = 0.1279859383789441
	G(11) = -3.337841298580261
	G(12) = -0.6697546519275117
	G(13) = -0.8359539534850366
	G(14) = -1.118585873887385
	G(15) = -1.237380089750177
	G(16) = -0.6573580288203154
	G(17) = -0.9427397825601622
	G(18) = -2.474992174889346
	G(19) = -1.903045080037667
	G(20) = -1.561726298822028
	G(21) = 1.06854e+49
	G(22) = 5.1107e+48
	G(23) = 5.68028e+48
	G(24) = 3.05061e+48
	G(25) = 9.786210000000001e+47
	G(26) = 1.27823e+48
	G(27) = 8.19725e+47
	G(28) = 0.1962841410205443
	G(29) = 0.2035766103917514
	G(30) = 0.2301585017742023
	G(31) = 0.05666849631639041
	G(32) = 0.00249752354713443
	G(33) = 0.05608780682846472
	G(34) = 0.0125
	G(35) = 0.01406333919198025
	G(36) = 0.2253268325795859
	G(37) = 0.07015181214184094
	G(38) = 0.06552089728179557
	G(39) = 0.1637517368665709
	G(40) = 0.1224999704558442
	G(41) = 0.1969442497172894
	G(42) = 0.0928260941049343
	G(43) = 0.2277439380987408
	G(44) = 0.3465309790824521
	G(45) = 0.2903841307829951
	G(46) = -0.008343747541963105
	G(47) = 0.2694563576480831
	G(48) = 0.3900735821381032
	G(49) = 0.2385371316746384
	G(50) = 0.2279573687662344
	G(51) = 0.3122896255360998
	G(52) = 0.09057694115008486
	G(53) = 0.1539392386637085
	G(54) = -0.02497825808435317
	G(55) = -0.06101140798640783
	G(56) = -0.03292927723875907

LAGRANGIAN MULTIPLIERS VALUES:
	L(0) = 0
	L(1) = 0
	L(2) = 0
	L(3) = 0
	L(4) = 0
	L(5) = 0
	L(6) = 0
	L(7) = 0
	L(8) = 0
	L(9) = 0
	L(10) = 167.0579226611417
	L(11) = 0
	L(12) = 0
	L(13) = 0
	L(14) = 0
	L(15) = 0
	L(16) = 0
	L(17) = 0
	L(18) = 0
	L(19) = 0
	L(20) = 0
	L(21) = 3.120169944931439e+99
	L(22) = 8.832595028952727e+98
	L(23) = 7.939329339510254e+98
	L(24) = 2.835986499193755e+98
	L(25) = 2.615404425971462e+97
	L(26) = 3.968123237085098e+97
	L(27) = 1.975973318606428e+97
	L(28) = 148.4701345540067
	L(29) = 144.5051720488599
	L(30) = 174.1250331285426
	L(31) = 27.05659959488955
	L(32) = 0.01431506133503165
	L(33) = 5.592688847436679
	L(34) = 0.9410324794438487
	L(35) = 0.604120825980892
	L(36) = 240.2904532583957
	L(37) = 18.83625250927772
	L(38) = 4.216855100390643
	L(39) = 65.37847494834998
	L(40) = 67.15411645105277
	L(41) = 135.3779244126172
	L(42) = 15.75848151243601
	L(43) = 186.1836072760423
	L(44) = 460.8682193742746
	L(45) = 309.3485171220231
	L(46) = 0
	L(47) = 284.0393404057322
	L(48) = 493.8942274435345
	L(49) = 193.6082620368565
	L(50) = 185.2504581800711
	L(51) = 434.4465236272924
	L(52) = 20.58980782128739
	L(53) = 108.8151172037259
	L(54) = 0
	L(55) = 0
	L(56) = 0

PENALTY FACTOR:
	rp(0) = 1
	rp(1) = 1
	rp(2) = 1
	rp(3) = 1
	rp(4) = 1
	rp(5) = 1
	rp(6) = 1
	rp(7) = 1
	rp(8) = 1
	rp(9) = 1
	rp(10) = 204.3635991689455
	rp(11) = 1
	rp(12) = 1
	rp(13) = 1
	rp(14) = 1
	rp(15) = 1
	rp(16) = 1
	rp(17) = 1
	rp(18) = 1
	rp(19) = 1
	rp(20) = 1
	rp(21) = 8.832001393981206e+50
	rp(22) = 4.699094335335461e+50
	rp(23) = 4.455145715773574e+50
	rp(24) = 2.662699053213559e+50
	rp(25) = 8.086106025107916e+49
	rp(26) = 9.960074343453842e+49
	rp(27) = 7.028465904104587e+49
	rp(28) = 299.5797082617163
	rp(29) = 292.6776015457577
	rp(30) = 318.3237024490235
	rp(31) = 92.73207243495202
	rp(32) = 2
	rp(33) = 37.39214104406392
	rp(34) = 15.33812634779627
	rp(35) = 18.80507291133275
	rp(36) = 565.4747962977706
	rp(37) = 150.3254990924129
	rp(38) = 44.22430019805831
	rp(39) = 127.8460743906026
	rp(40) = 205.0312144863122
	rp(41) = 282.8104157766736
	rp(42) = 103.1364967661246
	rp(43) = 220.4318888427285
	rp(44) = 352.698129190719
	rp(45) = 429.7382684268717
	rp(46) = 1
	rp(47) = 283.1255256843554
	rp(48) = 351.3880431387551
	rp(49) = 337.5084940045992
	rp(50) = 215.2036582984076
	rp(51) = 746.3212746075695
	rp(52) = 106.0553966540469
	rp(53) = 386.6353233201394
	rp(54) = 1
	rp(55) = 1
	rp(56) = 1

BEST POSITION:
	P(0) = 0.9999650335548452		P(1) = 0.02792134430061365		P(2) = -0.4363323129985824	
	P(3) = -0.0803340099267916		P(4) = 0.4363157162724512		P(5) = -0.2047615221965118	
	P(6) = 0.2297057204218852		P(7) = 0.4126952260403103		P(8) = -0.003653489838027004	
	P(9) = -0.05987305751525034		P(10) = -0.03829960516365897		P(11) = 0.3077965718754744	
	P(12) = 0.0741484506683931		P(13) = -0.06044327671463689		P(14) = 0.01923230833599401	
	P(15) = 0.4834462389431724		P(16) = 0.1987082579944005		P(17) = 0.2938700760237218	
	P(18) = 0.5		P(19) = -0.22228953526497		P(20) = 0.4506544096205671	
	P(21) = -0.09092517900123064		P(22) = -0.05844008355222055		P(23) = -0.4769301296920108	
	P(24) = -0.2219611855375528		P(25) = -0.0273204364667996		P(26) = -0.1673182308168407	
	P(27) = 0.3955982909671048		P(28) = -0.3883386757788146		P(29) = -0.470985514821986	
	P(30) = -0.09980696057714025		P(31) = 0.02653384844537011		P(32) = -0.03356220770706941	
	P(33) = -0.2070062670668896		P(34) = -0.162560243210472		P(35) = 0.2700351809045361	
	P(36) = 0.2350297138509123		P(37) = 0.3625626775321548		P(38) = -0.09643625771941355	
	P(39) = -0.08047962372905382		P(40) = -0.005527001782834315		P(41) = -0.02948651355387833	
	P(42) = 0.06394279273329403		P(43) = 0.2609739401894516		P(44) = -0.4136609930422817	
	P(45) = -0.1553588553933472		P(46) = -0.02272045367444691		P(47) = 0.4764071968643224	
	P(48) = -0.01727068608961197		P(49) = -0.5		P(50) = 0.08184943340772773	
	P(51) = -0.03695802920325279		P(52) = 0.01162489002699972		P(53) = 0.3038710092837595	
	P(54) = 0.1416119854243407		P(55) = 0.3031528296962864		P(56) = -0.05975264505836277	
	P(57) = -0.2077759927520801		P(58) = -0.227445839537734		P(59) = -0.1891313787094183	
	P(60) = 0.08965599869500294		P(61) = 0.4867287044170735		P(62) = 0.5	
	P(63) = 0.4763349986493423	
================================================================================

================================================================================

NUMBER OF ITERATIONS: 8

NUMBER OF OBJECTIVE FUNCTION EVALUATIONS: 492

OBJECTIVE FUNCTION VALUE:
	F = 4978.947668074709

EQUALITY CONSTRAINTS VALUES:

INEQUALITY CONSTRAINTS VALUES:
	G(0) = -2.707859871101118
	G(1) = -0.1149608608900339
	G(2) = -2.109585422828842
	G(3) = -3.099346008803985
	G(4) = -1.909174288965481
	G(5) = -2.353109531695752
	G(6) = -3.999961371145219
	G(7) = -2.521228793694035
	G(8) = -3.644685673462535
	G(9) = -2.459180867424807
	G(10) = 0.1185125146360342
	G(11) = -3.300671426241484
	G(12) = -0.6726901767941684
	G(13) = -0.8073155678776684
	G(14) = -1.133823340904046
	G(15) = -1.244892988877793
	G(16) = -0.6715645510735015
	G(17) = -0.9280847930563378
	G(18) = -2.475778765831048
	G(19) = -1.917850311113144
	G(20) = -1.531129397721172
	G(21) = 1.04348e+49
	G(22) = 4.73059e+48
	G(23) = 5.72966e+48
	G(24) = 3.09017e+48
	G(25) = 1.00878e+48
	G(26) = 1.24567e+48
	G(27) = 8.36222e+47
	G(28) = 0.1974793309025339
	G(29) = 0.2074893678025607
	G(30) = 0.2304067832282642
	G(31) = 0.05416941764729219
	G(32) = 0.002817942664590695
	G(33) = 0.06415738990618618
	G(34) = 0.0125
	G(35) = 0.015126178700572
	G(36) = 0.2246292690002793
	G(37) = 0.06652813965600034
	G(38) = 0.06537766898243172
	G(39) = 0.1720033365507277
	G(40) = 0.1224999692626401
	G(41) = 0.1976593533357591
	G(42) = 0.09285726187045634
	G(43) = 0.2327628382887069
	G(44) = 0.3537637942085901
	G(45) = 0.291579321428084
	G(46) = -0.007523934460975337
	G(47) = 0.2727191760732318
	G(48) = 0.3951899868673727
	G(49) = 0.2428384828528251
	G(50) = 0.2285213458495082
	G(51) = 0.3105684712314257
	G(52) = 0.09769496224324056
	G(53) = 0.1514523432455391
	G(54) = -0.02984172055302935
	G(55) = -0.06337232152561446
	G(56) = -0.0453889986988336

LAGRANGIAN MULTIPLIERS VALUES:
	L(0) = 0
	L(1) = 0
	L(2) = 0
	L(3) = 0
	L(4) = 0
	L(5) = 0
	L(6) = 0
	L(7) = 0
	L(8) = 0
	L(9) = 0
	L(10) = 219.3692566814135
	L(11) = 0
	L(12) = 0
	L(13) = 0
	L(14) = 0
	L(15) = 0
	L(16) = 0
	L(17) = 0
	L(18) = 0
	L(19) = 0
	L(20) = 0
	L(21) = 2.19948634839808e+100
	L(22) = 5.686391786815061e+99
	L(23) = 5.855227955229888e+99
	L(24) = 1.908169921664138e+99
	L(25) = 1.844187075476573e+98
	L(26) = 2.943065489315111e+98
	L(27) = 1.349879174509069e+98
	L(28) = 266.0756259606791
	L(29) = 263.6698001694059
	L(30) = 320.6548459983111
	L(31) = 37.5665738052722
	L(32) = 0.02430515552356937
	L(33) = 9.787175215001007
	L(34) = 1.324485638138756
	L(35) = 1.133045063744876
	L(36) = 495.1237427651221
	L(37) = 39.92746485419658
	L(38) = 10.01208676166318
	L(39) = 107.248508414418
	L(40) = 117.3867518852509
	L(41) = 246.7736947073604
	L(42) = 34.90599782136707
	L(43) = 286.587660171216
	L(44) = 705.3098754322926
	L(45) = 558.9268642046762
	L(46) = 0
	L(47) = 436.6192862219426
	L(48) = 768.0286128587995
	L(49) = 354.6248781882244
	L(50) = 283.3649775692166
	L(51) = 900.5833063809376
	L(52) = 39.80215466405242
	L(53) = 227.851811828524
	L(54) = 0
	L(55) = 0
	L(56) = 0

PENALTY FACTOR:
	rp(0) = 1
	rp(1) = 1
	rp(2) = 1
	rp(3) = 1
	rp(4) = 1
	rp(5) = 1
	rp(6) = 1
	rp(7) = 1
	rp(8) = 1
	rp(9) = 1
	rp(10) = 234.1843593632021
	rp(11) = 1
	rp(12) = 1
	rp(13) = 1
	rp(14) = 1
	rp(15) = 1
	rp(16) = 1
	rp(17) = 1
	rp(18) = 1
	rp(19) = 1
	rp(20) = 1
	rp(21) = 2.344934086705893e+51
	rp(22) = 1.192307823803805e+51
	rp(23) = 1.209878914936314e+51
	rp(24) = 6.90682619164573e+50
	rp(25) = 2.147199964766075e+50
	rp(26) = 2.712501377564217e+50
	rp(27) = 1.837035093914287e+50
	rp(28) = 599.1594165234327
	rp(29) = 585.3552030915155
	rp(30) = 636.6474048980469
	rp(31) = 96.91049195684671
	rp(32) = 2.465012957550597
	rp(33) = 74.78428208812784
	rp(34) = 18.19674172852626
	rp(35) = 37.6101458226655
	rp(36) = 1130.949592595541
	rp(37) = 150.3254990924129
	rp(38) = 88.44860039611662
	rp(39) = 255.6921487812052
	rp(40) = 410.0624289726243
	rp(41) = 565.6208315533472
	rp(42) = 206.2729935322492
	rp(43) = 440.863777685457
	rp(44) = 705.396258381438
	rp(45) = 859.4765368537434
	rp(46) = 1
	rp(47) = 566.2510513687108
	rp(48) = 702.7760862775102
	rp(49) = 675.0169880091984
	rp(50) = 430.4073165968151
	rp(51) = 1492.642549215139
	rp(52) = 212.1107933080939
	rp(53) = 773.2706466402788
	rp(54) = 1
	rp(55) = 1
	rp(56) = 1

BEST POSITION:
	P(0) = 1		P(1) = 0.02592759201100684		P(2) = -0.4362763559235353	
	P(3) = -0.079907154685076		P(4) = 0.4363130821677874		P(5) = -0.1947043021380955	
	P(6) = 0.2314220678955434		P(7) = 0.41378239496735		P(8) = -0.002792481237534334	
	P(9) = -0.05759704893525455		P(10) = -0.07406394818735357		P(11) = 0.3068422604006134	
	P(12) = 0.06779986789034904		P(13) = -0.06249944983580657		P(14) = 0.02341725872855047	
	P(15) = 0.4837789332435842		P(16) = 0.1989126153483968		P(17) = 0.2876901713363986	
	P(18) = 0.5		P(19) = -0.2243764301703755		P(20) = 0.4480114813609026	
	P(21) = -0.1000405344691794		P(22) = -0.08773762154186787		P(23) = -0.4715706269980154	
	P(24) = -0.2040465994902182		P(25) = -0.05303035010380788		P(26) = -0.1761718372330521	
	P(27) = 0.3915647919651011		P(28) = -0.388127494531015		P(29) = -0.4749837949356661	
	P(30) = -0.0705312203315786		P(31) = 0.02543457947919523		P(32) = -0.03599582790538732	
	P(33) = -0.2552067866745276		P(34) = -0.1729754387781911		P(35) = 0.2730716443698184	
	P(36) = 0.2120744941852931		P(37) = 0.3561184760242885		P(38) = -0.08914892626749787	
	P(39) = -0.08026089721426427		P(40) = -0.004637763073090617		P(41) = -0.004477508721686702	
	P(42) = 0.069416122357209		P(43) = 0.2468706112229294		P(44) = -0.4047996553386651	
	P(45) = -0.1534844238509084		P(46) = -0.02892954480061006		P(47) = 0.4795641492503476	
	P(48) = -0.01892334606762987		P(49) = -0.5		P(50) = 0.08370500446259356	
	P(51) = -0.02419481421665255		P(52) = 0.01146576294986303		P(53) = 0.25396720777135	
	P(54) = 0.1934152910499288		P(55) = 0.3030798145397069		P(56) = -0.05925901868325872	
	P(57) = -0.2047858057246164		P(58) = -0.2204443920302337		P(59) = -0.1942617902209932	
	P(60) = 0.08902335421621237		P(61) = 0.4859319752981405		P(62) = 0.4999906146011879	
	P(63) = 0.4778749803969137	
================================================================================

================================================================================

NUMBER OF ITERATIONS: 9

NUMBER OF OBJECTIVE FUNCTION EVALUATIONS: 552

OBJECTIVE FUNCTION VALUE:
	F = 4654.543814355438

EQUALITY CONSTRAINTS VALUES:

INEQUALITY CONSTRAINTS VALUES:
	G(0) = -2.705087610569208
	G(1) = -0.1055607655286628
	G(2) = -2.132096472048902
	G(3) = -3.106238137742452
	G(4) = -1.753124609926982
	G(5) = -2.398216544215137
	G(6) = -4.000810995843187
	G(7) = -2.534141129935389
	G(8) = -3.641369904520369
	G(9) = -2.437900356404599
	G(10) = 0.1057989543670836
	G(11) = -3.400354629113553
	G(12) = -0.6606275367558185
	G(13) = -0.8322261475454233
	G(14) = -1.14986857113434
	G(15) = -1.222739006175648
	G(16) = -0.6529832518396366
	G(17) = -0.9150397826341277
	G(18) = -2.452117821721821
	G(19) = -2.006642718434631
	G(20) = -1.551985384712323
	G(21) = 1.04411e+49
	G(22) = 4.61943e+48
	G(23) = 5.94147e+48
	G(24) = 2.93115e+48
	G(25) = 9.64398e+47
	G(26) = 1.25986e+48
	G(27) = 7.88127e+47
	G(28) = 0.1967943155810022
	G(29) = 0.2057770853341564
	G(30) = 0.2363850046433226
	G(31) = 0.06159787016706522
	G(32) = 0.004108384743238467
	G(33) = 0.05666102756417873
	G(34) = 0.0125
	G(35) = 0.01323972453643241
	G(36) = 0.2250657768866783
	G(37) = 0.06907017442314595
	G(38) = 0.07339180105260185
	G(39) = 0.1654130242209677
	G(40) = 0.1224999670460694
	G(41) = 0.1984892794477928
	G(42) = 0.1016087419661894
	G(43) = 0.2292767158456369
	G(44) = 0.3460429748153839
	G(45) = 0.2908943067289801
	G(46) = -0.006369160201541255
	G(47) = 0.2732181042371492
	G(48) = 0.3871901743493643
	G(49) = 0.2401950955259713
	G(50) = 0.2301935644766232
	G(51) = 0.3092366997064081
	G(52) = 0.09341328247839942
	G(53) = 0.1509502773137566
	G(54) = -0.02241193925295006
	G(55) = -0.06644701585841706
	G(56) = -0.04211028597724963

LAGRANGIAN MULTIPLIERS VALUES:
	L(0) = 0
	L(1) = 0
	L(2) = 0
	L(3) = 0
	L(4) = 0
	L(5) = 0
	L(6) = 0
	L(7) = 0
	L(8) = 0
	L(9) = 0
	L(10) = 274.8768113145371
	L(11) = 0
	L(12) = 0
	L(13) = 0
	L(14) = 0
	L(15) = 0
	L(16) = 0
	L(17) = 0
	L(18) = 0
	L(19) = 0
	L(20) = 0
	L(21) = 7.09326998998981e+100
	L(22) = 1.696703072323114e+100
	L(23) = 1.971961760273789e+100
	L(24) = 6.176823340191716e+99
	L(25) = 6.176291836390016e+98
	L(26) = 9.700828671295948e+98
	L(27) = 4.422217495115455e+98
	L(28) = 502.7188273186794
	L(29) = 506.5797622282021
	L(30) = 614.0306072246735
	L(31) = 48.06574363170216
	L(32) = 0.03819768588727081
	L(33) = 19.38310390456547
	L(34) = 1.779404181351913
	L(35) = 2.270840637081296
	L(36) = 1003.212503286922
	L(37) = 59.92921644915258
	L(38) = 21.57721339897657
	L(39) = 195.2083138548027
	L(40) = 217.852021775071
	L(41) = 470.3741903034983
	L(42) = 73.2138885758211
	L(43) = 491.8210685567129
	L(44) = 1204.397189003414
	L(45) = 1060.138035003024
	L(46) = 0
	L(47) = 745.4743265816948
	L(48) = 1323.488757472225
	L(49) = 682.4650807242992
	L(50) = 480.0794960735757
	L(51) = 1827.718735590385
	L(52) = 81.24646655128849
	L(53) = 462.0791146218509
	L(54) = 0
	L(55) = 0
	L(56) = 0

PENALTY FACTOR:
	rp(0) = 1
	rp(1) = 1
	rp(2) = 1
	rp(3) = 1
	rp(4) = 1
	rp(5) = 1
	rp(6) = 1
	rp(7) = 1
	rp(8) = 1
	rp(9) = 1
	rp(10) = 262.1434775626399
	rp(11) = 1
	rp(12) = 1
	rp(13) = 1
	rp(14) = 1
	rp(15) = 1
	rp(16) = 1
	rp(17) = 1
	rp(18) = 1
	rp(19) = 1
	rp(20) = 1
	rp(21) = 4.211077650076584e+51
	rp(22) = 2.059552786603875e+51
	rp(23) = 2.419757829872628e+51
	rp(24) = 1.381365238329146e+51
	rp(25) = 4.29439992953215e+50
	rp(26) = 4.92463924346138e+50
	rp(27) = 3.674070187828574e+50
	rp(28) = 1198.318833046865
	rp(29) = 1170.710406183031
	rp(30) = 1273.294809796094
	rp(31) = 109.6195051435899
	rp(32) = 4.930025915101194
	rp(33) = 149.5685641762557
	rp(34) = 21.09149225014622
	rp(35) = 75.220291645331
	rp(36) = 1130.949592595541
	rp(37) = 150.3254990924129
	rp(38) = 88.44860039611662
	rp(39) = 511.3842975624104
	rp(40) = 410.0624289726243
	rp(41) = 1131.241663106694
	rp(42) = 412.5459870644984
	rp(43) = 881.7275553709139
	rp(44) = 1410.792516762876
	rp(45) = 1718.953073707487
	rp(46) = 1
	rp(47) = 1132.502102737422
	rp(48) = 1405.55217255502
	rp(49) = 1350.033976018397
	rp(50) = 860.8146331936302
	rp(51) = 1492.642549215139
	rp(52) = 424.2215866161878
	rp(53) = 773.2706466402788
	rp(54) = 1
	rp(55) = 1
	rp(56) = 1

BEST POSITION:
	P(0) = 0.9999874189529608		P(1) = 0.02398464433842284		P(2) = -0.4363323129985824	
	P(3) = -0.07745225797277625		P(4) = 0.436297069525344		P(5) = -0.2260743557895591	
	P(6) = 0.2420193977475649		P(7) = 0.4147286782826077		P(8) = 0.001466291109257566	
	P(9) = -0.07929008291865404		P(10) = -0.07914273079717324		P(11) = 0.295753143604316	
	P(12) = 0.06155457265445241		P(13) = -0.0824446125413819		P(14) = -0.01192234103479992	
	P(15) = 0.4850162925777071		P(16) = 0.1997615020914606		P(17) = 0.2893107220643508	
	P(18) = 0.4999665297678925		P(19) = -0.2021321668004432		P(20) = 0.4418253918015232	
	P(21) = -0.09601914055951696		P(22) = -0.09895362302734506		P(23) = -0.4725735577166039	
	P(24) = -0.220344909801423		P(25) = -0.04695946041471774		P(26) = -0.1702817614781722	
	P(27) = 0.4600849592061567		P(28) = -0.3884836215111541		P(29) = -0.4535656075404282	
	P(30) = -0.04070709967201472		P(31) = 0.02759775987306606		P(32) = -0.01226838394933962	
	P(33) = -0.2313413382965382		P(34) = -0.1854627761834385		P(35) = 0.2911000246224133	
	P(36) = 0.2119684115087626		P(37) = 0.3412043569302701		P(38) = -0.06044579978356607	
	P(39) = -0.07726205024216827		P(40) = -0.003082665180965522		P(41) = -0.01774868370127638	
	P(42) = 0.06011489172982677		P(43) = 0.2419460283487866		P(44) = -0.4102703446773782	
	P(45) = -0.18488941379318		P(46) = -0.03213400389102643		P(47) = 0.4785348804164778	
	P(48) = -0.02400661038951922		P(49) = -0.5		P(50) = 0.07521360240930273	
	P(51) = -0.04938462738733162		P(52) = 0.0007959252913977395		P(53) = 0.267509324584932	
	P(54) = 0.1647837160229598		P(55) = 0.2901812381560533		P(56) = -0.03695623730210214	
	P(57) = -0.20863647797957		P(58) = -0.222453879077373		P(59) = -0.1390042615226246	
	P(60) = 0.09322143043265253		P(61) = 0.4859512695023395		P(62) = 0.4999528017369008	
	P(63) = 0.4807083238155944	
================================================================================

================================================================================

NUMBER OF ITERATIONS: 10

NUMBER OF OBJECTIVE FUNCTION EVALUATIONS: 612

OBJECTIVE FUNCTION VALUE:
	F = 4703.954141242673

EQUALITY CONSTRAINTS VALUES:

INEQUALITY CONSTRAINTS VALUES:
	G(0) = -2.708488108607702
	G(1) = -0.1107727816386386
	G(2) = -2.12146980755553
	G(3) = -3.088626076817853
	G(4) = -1.811648072930755
	G(5) = -2.385707151163887
	G(6) = -3.994655532422211
	G(7) = -2.522030019522498
	G(8) = -3.634731268041058
	G(9) = -2.451384845073669
	G(10) = 0.1054492752030445
	G(11) = -3.37368242296102
	G(12) = -0.6677144847913603
	G(13) = -0.8438629117222294
	G(14) = -1.135958145547874
	G(15) = -1.24929368156952
	G(16) = -0.6621582528277945
	G(17) = -0.8903401292129283
	G(18) = -2.468687334052437
	G(19) = -1.97968433619198
	G(20) = -1.562513381514269
	G(21) = 1.04233e+49
	G(22) = 4.71585e+48
	G(23) = 5.82143e+48
	G(24) = 2.93741e+48
	G(25) = 9.898070000000001e+47
	G(26) = 1.25723e+48
	G(27) = 8.064060000000001e+47
	G(28) = 0.1971914244467426
	G(29) = 0.2064406494255588
	G(30) = 0.2325879525969202
	G(31) = 0.05719240478669116
	G(32) = 0.004077822937312891
	G(33) = 0.06185612969800677
	G(34) = 0.0125
	G(35) = 0.01423716989330605
	G(36) = 0.2259349732275665
	G(37) = 0.06682016592118453
	G(38) = 0.07369900320085632
	G(39) = 0.1694500855923749
	G(40) = 0.1224999720441307
	G(41) = 0.1972687162713479
	G(42) = 0.09973388453054992
	G(43) = 0.2311719963343824
	G(44) = 0.3499922472780154
	G(45) = 0.2912914179486892
	G(46) = -0.005960513404809124
	G(47) = 0.2742690134592198
	G(48) = 0.3911869423511056
	G(49) = 0.2414341232215582
	G(50) = 0.2297630571500658
	G(51) = 0.3092761820992672
	G(52) = 0.09540355537500497
	G(53) = 0.1504127770434177
	G(54) = -0.03121607789101885
	G(55) = -0.05863888162741841
	G(56) = -0.04317136334164073

LAGRANGIAN MULTIPLIERS VALUES:
	L(0) = 0
	L(1) = 0
	L(2) = 0
	L(3) = 0
	L(4) = 0
	L(5) = 0
	L(6) = 0
	L(7) = 0
	L(8) = 0
	L(9) = 0
	L(10) = 330.3458229550938
	L(11) = 0
	L(12) = 0
	L(13) = 0
	L(14) = 0
	L(15) = 0
	L(16) = 0
	L(17) = 0
	L(18) = 0
	L(19) = 0
	L(20) = 0
	L(21) = 1.588692656043274e+101
	L(22) = 3.599495058127421e+100
	L(23) = 4.847345470964452e+100
	L(24) = 1.427480077684867e+100
	L(25) = 1.445931324287191e+99
	L(26) = 2.210954066583045e+99
	L(27) = 1.0213485324961e+99
	L(28) = 974.3634965132457
	L(29) = 988.390512537623
	L(30) = 1216.00620627661
	L(31) = 61.57039972292775
	L(32) = 0.07870657239401482
	L(33) = 36.33252097961639
	L(34) = 2.306691487605568
	L(35) = 4.262632518949878
	L(36) = 1512.288600641298
	L(37) = 80.69523333427142
	L(38) = 34.56001756628231
	L(39) = 364.3875602526298
	L(40) = 318.3172898470262
	L(41) = 919.4528754862392
	L(42) = 157.0504460734682
	L(43) = 896.1402648888031
	L(44) = 2180.786867699229
	L(45) = 2060.205360354602
	L(46) = 0
	L(47) = 1364.314481690702
	L(48) = 2411.920738969638
	L(49) = 1331.00816039039
	L(50) = 876.3874736105331
	L(51) = 2750.878447111684
	L(52) = 160.502328359314
	L(53) = 695.5299517197268
	L(54) = 0
	L(55) = 0
	L(56) = 0

PENALTY FACTOR:
	rp(0) = 1
	rp(1) = 1
	rp(2) = 1
	rp(3) = 1
	rp(4) = 1
	rp(5) = 1
	rp(6) = 1
	rp(7) = 1
	rp(8) = 1
	rp(9) = 1
	rp(10) = 287.3785930419547
	rp(11) = 1
	rp(12) = 1
	rp(13) = 1
	rp(14) = 1
	rp(15) = 1
	rp(16) = 1
	rp(17) = 1
	rp(18) = 1
	rp(19) = 1
	rp(20) = 1
	rp(21) = 8.422155300153168e+51
	rp(22) = 2.999789600175078e+51
	rp(23) = 4.839515659745255e+51
	rp(24) = 1.889100366368121e+51
	rp(25) = 6.012344227269408e+50
	rp(26) = 9.84927848692276e+50
	rp(27) = 5.053089481931077e+50
	rp(28) = 1198.318833046865
	rp(29) = 1170.710406183031
	rp(30) = 2546.589619592188
	rp(31) = 219.2390102871799
	rp(32) = 9.860051830202389
	rp(33) = 149.5685641762557
	rp(34) = 24.01401407306559
	rp(35) = 75.220291645331
	rp(36) = 2261.899185191082
	rp(37) = 300.6509981848258
	rp(38) = 176.8972007922332
	rp(39) = 511.3842975624104
	rp(40) = 410.0624289726243
	rp(41) = 2262.483326213389
	rp(42) = 825.0919741289968
	rp(43) = 881.7275553709139
	rp(44) = 1410.792516762876
	rp(45) = 1718.953073707487
	rp(46) = 1
	rp(47) = 2265.004205474843
	rp(48) = 1405.55217255502
	rp(49) = 1350.033976018397
	rp(50) = 1721.62926638726
	rp(51) = 1492.642549215139
	rp(52) = 424.2215866161878
	rp(53) = 773.2706466402788
	rp(54) = 1
	rp(55) = 1
	rp(56) = 1

BEST POSITION:
	P(0) = 1		P(1) = 0.02565259314798774		P(2) = -0.4363323129985824	
	P(3) = -0.07984838769366337		P(4) = 0.4363323129985824		P(5) = -0.2161963925580858	
	P(6) = 0.2393573941222242		P(7) = 0.4128355792242127		P(8) = 0.002060534582018723	
	P(9) = -0.05496441619192245		P(10) = -0.08162212312151894		P(11) = 0.3080915619646698	
	P(12) = 0.06992466784970183		P(13) = -0.08098435497750212		P(14) = 0.0334052701382399	
	P(15) = 0.4832768790982088		P(16) = 0.1995224192986022		P(17) = 0.2889927958876394	
	P(18) = 0.5		P(19) = -0.2017285405568966		P(20) = 0.4508320609507164	
	P(21) = -0.09944738822059886		P(22) = -0.1068580045338665		P(23) = -0.4675349871019932	
	P(24) = -0.217551110977975		P(25) = -0.04738423899488036		P(26) = -0.1691795721796603	
	P(27) = 0.4056314003644491		P(28) = -0.3870814136014207		P(29) = -0.4614872289282637	
	P(30) = -0.02054267722822867		P(31) = 0.02619792049459213		P(32) = -0.0151380862024966	
	P(33) = -0.2228986749439575		P(34) = -0.1619034536855985		P(35) = 0.2740243520208	
	P(36) = 0.2121424394823579		P(37) = 0.34848751000571		P(38) = -0.07992829496458873	
	P(39) = -0.0871749263873649		P(40) = -0.001519531267898287		P(41) = -0.01367101874957209	
	P(42) = 0.05868036149132155		P(43) = 0.2277739218949076		P(44) = -0.4073818401110701	
	P(45) = -0.1782076875398992		P(46) = -0.03594915434432314		P(47) = 0.4784880956450231	
	P(48) = -0.02184015235148082		P(49) = -0.5		P(50) = 0.0481849998558281	
	P(51) = -0.03243468241120807		P(52) = 0.002382335666450599		P(53) = 0.2607425409546366	
	P(54) = 0.1714531822389974		P(55) = 0.3151392698260569		P(56) = -0.04786845111839058	
	P(57) = -0.2126430805781933		P(58) = -0.2275720281542364		P(59) = -0.1594100004824354	
	P(60) = 0.09164633055755905		P(61) = 0.4869135471058501		P(62) = 0.499985975158224	
	P(63) = 0.4808528426089377	
================================================================================
